<?xml version="1.0" encoding="UTF-8"?>
<testng-results ignored="0" total="1" passed="1" failed="0" skipped="0">
  <reporter-output>
  </reporter-output>
  <suite started-at="2026-08-19T15:12:41 IST" name="Default suite" finished-at="2026-08-19T15:13:07 IST" duration-ms="26870">
    <groups>
    </groups>
    <test started-at="2026-08-19T15:12:41 IST" name="Default test" finished-at="2026-08-19T15:13:07 IST" duration-ms="26870">
      <class name="tests.LoginTest">
        <test-method is-config="true" signature="setup()[pri:0, instance:tests.LoginTest@59662a0b]" started-at="2026-08-19T15:12:41 IST" name="setup" finished-at="2026-08-19T15:13:07 IST" duration-ms="26213" status="PASS">
          <reporter-output>
          </reporter-output>
        </test-method> <!-- setup -->
        <test-method signature="testValidLogin()[pri:0, instance:tests.LoginTest@59662a0b]" started-at="2026-08-19T15:13:07 IST" name="testValidLogin" finished-at="2026-08-19T15:13:07 IST" duration-ms="384" status="PASS">
          <reporter-output>
          </reporter-output>
        </test-method> <!-- testValidLogin -->
        <test-method is-config="true" signature="afterMethod()[pri:0, instance:tests.LoginTest@59662a0b]" started-at="2026-08-19T15:13:07 IST" name="afterMethod" finished-at="2026-08-19T15:13:07 IST" duration-ms="233" status="PASS">
          <reporter-output>
          </reporter-output>
        </test-method> <!-- afterMethod -->
      </class> <!-- tests.LoginTest -->
    </test> <!-- Default test -->
  </suite> <!-- Default suite -->
</testng-results>
